[04:38:50] [main/INFO]: Loading Minecraft 1.21.3 with Fabric Loader 0.16.9
[04:38:50] [main/INFO]: Loading 43 mods:
	- fabric-api 0.109.0+1.21.3
	   |-- fabric-api-base 0.4.50+119c825640
	   |-- fabric-api-lookup-api-v1 1.6.81+fd37071f40
	   |-- fabric-biome-api-v1 14.0.6+fd37071f40
	   |-- fabric-block-api-v1 1.0.28+fd37071f40
	   |-- fabric-block-view-api-v2 1.0.16+fd37071f40
	   |-- fabric-blockrenderlayer-v1 2.0.4+fd37071f40
	   |-- fabric-client-tags-api-v1 1.1.24+fd37071f40
	   |-- fabric-command-api-v1 1.2.58+f71b366f40
	   |-- fabric-command-api-v2 2.2.37+c9d82ab240
	   |-- fabric-commands-v0 0.2.75+df3654b340
	   |-- fabric-content-registries-v0 9.1.8+fd37071f40
	   |-- fabric-convention-tags-v1 2.1.3+7f945d5b40
	   |-- fabric-convention-tags-v2 2.9.3+84ebbb0e40
	   |-- fabric-crash-report-info-v1 0.3.3+fd37071f40
	   |-- fabric-data-attachment-api-v1 1.4.0+dbad41f140
	   |-- fabric-data-generation-api-v1 21.0.17+fd37071f40
	   |-- fabric-dimensions-v1 4.0.7+fd37071f40
	   |-- fabric-entity-events-v1 2.0.8+825023f840
	   |-- fabric-events-interaction-v0 2.0.12+c2c3ac4740
	   |-- fabric-game-rule-api-v1 1.0.59+fd37071f40
	   |-- fabric-item-api-v1 11.1.7+fd37071f40
	   |-- fabric-item-group-api-v1 4.1.17+fd37071f40
	   |-- fabric-key-binding-api-v1 1.0.53+fd37071f40
	   |-- fabric-keybindings-v0 0.2.51+df3654b340
	   |-- fabric-lifecycle-events-v1 2.5.1+6da5ef6940
	   |-- fabric-loot-api-v2 3.0.26+3f89f5a540
	   |-- fabric-loot-api-v3 1.0.14+fd37071f40
	   |-- fabric-message-api-v1 6.0.21+fd37071f40
	   |-- fabric-model-loading-api-v1 3.0.9+fd37071f40
	   |-- fabric-networking-api-v1 4.3.5+fd37071f40
	   |-- fabric-object-builder-api-v1 17.0.9+fd37071f40
	   |-- fabric-particles-v1 4.0.10+fd37071f40
	   |-- fabric-recipe-api-v1 7.0.4+fd37071f40
	   |-- fabric-registry-sync-v0 5.2.2+fd37071f40
	   |-- fabric-renderer-api-v1 4.0.5+fd37071f40
	   |-- fabric-renderer-indigo 1.9.5+fd37071f40
	   |-- fabric-rendering-data-attachment-v1 0.3.54+73761d2e40
	   |-- fabric-rendering-fluids-v1 3.1.15+fd37071f40
	   |-- fabric-rendering-v0 1.1.83+df3654b340
	   |-- fabric-rendering-v1 8.0.7+fd37071f40
	   |-- fabric-resource-conditions-api-v1 5.0.8+fd37071f40
	   |-- fabric-resource-loader-v0 3.0.6+fd37071f40
	   |-- fabric-screen-api-v1 2.0.34+fd37071f40
	   |-- fabric-screen-handler-api-v1 1.3.100+fd37071f40
	   |-- fabric-sound-api-v1 1.0.29+fd37071f40
	   |-- fabric-transfer-api-v1 5.4.3+fd37071f40
	   \-- fabric-transitive-access-wideners-v1 6.1.8+fd37071f40
	- fabricloader 0.16.9
	   \-- mixinextras 0.4.1
	- java 21
	- lithium 0.14.2-snapshot+mc1.21.3-build.91
	- minecraft 1.21.3
	- voicechat 1.21.3-2.5.26
	   \-- fabric-key-binding-api-v1 1.0.53+c47b9d4340
[04:38:50] [main/INFO]: SpongePowered MIXIN Subsystem Version=0.8.7 Source=file:/root/libraries/net/fabricmc/sponge-mixin/0.15.4+mixin.0.8.7/sponge-mixin-0.15.4+mixin.0.8.7.jar Service=Knot/Fabric Env=SERVER
[04:38:50] [main/INFO]: Compatibility level set to JAVA_21
[04:38:51] [main/INFO]: Option 'mixin.entity.collisions.fluid' requires 'mixin.util.block_tracking=true' but found 'false'. Setting 'mixin.entity.collisions.fluid=false'.
[04:38:51] [main/INFO]: Option 'mixin.experimental.entity.block_caching.suffocation' requires 'mixin.util.block_tracking=true' but found 'false'. Setting 'mixin.experimental.entity.block_caching.suffocation=false'.
[04:38:51] [main/INFO]: Option 'mixin.experimental.entity.block_caching.block_support' requires 'mixin.util.block_tracking=true' but found 'false'. Setting 'mixin.experimental.entity.block_caching.block_support=false'.
[04:38:51] [main/INFO]: Option 'mixin.experimental.entity.block_caching.fluid_pushing' requires 'mixin.util.block_tracking=true' but found 'false'. Setting 'mixin.experimental.entity.block_caching.fluid_pushing=false'.
[04:38:51] [main/INFO]: Option 'mixin.experimental.entity.block_caching.block_touching' requires 'mixin.util.block_tracking=true' but found 'false'. Setting 'mixin.experimental.entity.block_caching.block_touching=false'.
[04:38:51] [main/INFO]: Option 'mixin.experimental.entity.block_caching' requires 'mixin.util.block_tracking=true' but found 'false'. Setting 'mixin.experimental.entity.block_caching=false'.
[04:38:51] [main/INFO]: Loaded configuration file for Lithium: 139 options available, 1 override(s) found
[04:38:51] [main/WARN]: Reference map 'lithium.refmap.json' for lithium.mixins.json could not be read. If this is a development environment you can ignore this message
[04:38:51] [main/WARN]: Reference map 'lithium-fabric.refmap.json' for lithium-fabric.mixins.json could not be read. If this is a development environment you can ignore this message
[04:38:52] [main/INFO]: Force-enabling mixin 'compat.transfer_api.TransferApiHelperMixin' as rule 'mixin.compat.transfer_api' (added by mods [lithium]) enables it
[04:38:52] [main/INFO]: Initializing MixinExtras via com.llamalad7.mixinextras.service.MixinExtrasServiceImpl(version=0.4.1).
[04:39:10] [main/INFO]: [voicechat] Compatibility version 18
[04:39:10] [main/INFO]: [voicechat] Loading plugins
[04:39:10] [main/INFO]: [voicechat] Loaded 0 plugin(s)
[04:39:10] [main/INFO]: [voicechat] Initializing plugins
[04:39:10] [main/INFO]: [voicechat] Initialized 0 plugin(s)
[04:39:11] [main/INFO]: Environment: Environment[sessionHost=https://sessionserver.mojang.com, servicesHost=https://api.minecraftservices.com, name=PROD]
[04:39:11] [main/INFO]: Found new data pack fabric, loading it automatically
[04:39:11] [main/INFO]: Found new data pack fabric-convention-tags-v2, loading it automatically
[04:39:15] [main/INFO]: Loaded 1337 recipes
[04:39:16] [main/INFO]: Loaded 1448 advancements
[04:39:16] [main/INFO]: Applied 0 biome modifications to 0 of 64 new biomes in 2.648 ms
[04:39:16] [Server thread/INFO]: Starting minecraft server version 1.21.3
[04:39:16] [Server thread/INFO]: Loading properties
[04:39:16] [Server thread/INFO]: Default game type: SURVIVAL
[04:39:16] [Server thread/INFO]: Generating keypair
[04:39:16] [Server thread/INFO]: Starting Minecraft server on 173.230.138.231:25565
[04:39:16] [Server thread/INFO]: Using epoll channel type
[04:39:16] [Server thread/INFO]: Preparing level "world"
[04:39:17] [Server thread/INFO]: Preparing start region for dimension minecraft:overworld
[04:39:31] [Worker-Main-1/INFO]: Preparing spawn area: 0%
[04:39:31] [Worker-Main-1/INFO]: Preparing spawn area: 0%
[04:39:31] [Worker-Main-1/INFO]: Preparing spawn area: 0%
[04:39:31] [Worker-Main-1/INFO]: Preparing spawn area: 0%
[04:39:31] [Worker-Main-1/INFO]: Preparing spawn area: 0%
[04:39:31] [Worker-Main-1/INFO]: Preparing spawn area: 0%
[04:39:31] [Worker-Main-1/INFO]: Preparing spawn area: 0%
[04:39:31] [Worker-Main-1/INFO]: Preparing spawn area: 0%
[04:39:31] [Worker-Main-1/INFO]: Preparing spawn area: 0%
[04:39:31] [Worker-Main-1/INFO]: Preparing spawn area: 0%
[04:39:31] [Worker-Main-1/INFO]: Preparing spawn area: 0%
[04:39:31] [Worker-Main-1/INFO]: Preparing spawn area: 0%
[04:39:31] [Worker-Main-1/INFO]: Preparing spawn area: 0%
[04:39:31] [Worker-Main-1/INFO]: Preparing spawn area: 0%
[04:39:31] [Worker-Main-1/INFO]: Preparing spawn area: 0%
[04:39:31] [Worker-Main-1/INFO]: Preparing spawn area: 0%
[04:39:31] [Worker-Main-1/INFO]: Preparing spawn area: 0%
[04:39:31] [Worker-Main-1/INFO]: Preparing spawn area: 0%
[04:39:31] [Worker-Main-1/INFO]: Preparing spawn area: 0%
[04:39:31] [Worker-Main-1/INFO]: Preparing spawn area: 0%
[04:39:31] [Worker-Main-1/INFO]: Preparing spawn area: 0%
[04:39:31] [Worker-Main-1/INFO]: Preparing spawn area: 0%
[04:39:31] [Worker-Main-1/INFO]: Preparing spawn area: 0%
[04:39:31] [Worker-Main-1/INFO]: Preparing spawn area: 0%
[04:39:31] [Worker-Main-1/INFO]: Preparing spawn area: 0%
[04:39:31] [Worker-Main-1/INFO]: Preparing spawn area: 0%
[04:39:31] [Worker-Main-1/INFO]: Preparing spawn area: 0%
[04:39:31] [Worker-Main-1/INFO]: Preparing spawn area: 0%
[04:39:32] [Server thread/INFO]: Time elapsed: 14033 ms
[04:39:32] [Server thread/INFO]: Done (15.053s)! For help, type "help"
[04:39:32] [VoiceChatServerThread/INFO]: [voicechat] Using server-ip as bind address: 173.230.138.231
[04:39:32] [VoiceChatServerThread/INFO]: [voicechat] Voice chat server started at 173.230.138.231:24454
[04:39:32] [Server thread/INFO]: [STDOUT]: Lithium Cached BlockState Flags are disabled!
[04:40:31] [Server thread/INFO]: Server empty for 60 seconds, pausing
[04:40:45] [User Authenticator #1/INFO]: UUID of player NASAKILL is a44e35f0-2af3-49fe-a1a4-927c7be319a1
[04:40:46] [Server thread/INFO]: NASAKILL[/172.56.64.53:31839] logged in with entity id 75 at (-50.56103466309842, 74.0, 12.300000011920929)
[04:40:47] [Server thread/INFO]: NASAKILL joined the game
[04:40:47] [Server thread/INFO]: [voicechat] Received secret request of NASAKILL (18)
[04:40:47] [Server thread/INFO]: [voicechat] Sent secret to NASAKILL
[04:40:49] [VoiceChatPacketProcessingThread/INFO]: [voicechat] Successfully authenticated player a44e35f0-2af3-49fe-a1a4-927c7be319a1
[04:40:50] [VoiceChatPacketProcessingThread/INFO]: [voicechat] Successfully validated connection of player a44e35f0-2af3-49fe-a1a4-927c7be319a1
[04:40:50] [VoiceChatPacketProcessingThread/INFO]: [voicechat] Player NASAKILL (a44e35f0-2af3-49fe-a1a4-927c7be319a1) successfully connected to voice chat
[04:41:19] [Server thread/INFO]: [NASAKILL: Set the time to 1000]
[04:42:16] [Server thread/INFO]: [voicechat] Sent ping a9aa2e54-fd82-46d3-b288-9a54efff5d17 attempt 1
[04:42:16] [VoiceChatPacketProcessingThread/INFO]: [voicechat] Received pong a9aa2e54-fd82-46d3-b288-9a54efff5d17
[04:43:19] [Server thread/INFO]: Stopping the server
[04:43:19] [Server thread/INFO]: Stopping server
[04:43:19] [Server thread/INFO]: Saving players
[04:43:19] [Server thread/INFO]: Saving worlds
[04:43:20] [Server thread/INFO]: Saving chunks for level 'ServerLevel[world]'/minecraft:overworld
[04:43:20] [Server thread/INFO]: Saving chunks for level 'ServerLevel[world]'/minecraft:the_nether
[04:43:20] [Server thread/INFO]: Saving chunks for level 'ServerLevel[world]'/minecraft:the_end
[04:43:20] [Server thread/INFO]: ThreadedAnvilChunkStorage (world): All chunks are saved
[04:43:20] [Server thread/INFO]: ThreadedAnvilChunkStorage (DIM-1): All chunks are saved
[04:43:20] [Server thread/INFO]: ThreadedAnvilChunkStorage (DIM1): All chunks are saved
[04:43:20] [Server thread/INFO]: ThreadedAnvilChunkStorage: All dimensions are saved
